<?xml version="1.0" encoding="UTF-8"?>
<coverage generated="1624734186795" clover="3.2.0">
  <project timestamp="1624734186795" name="All files">
    <metrics statements="95" coveredstatements="88" conditionals="61" coveredconditionals="49" methods="14" coveredmethods="14" elements="170" coveredelements="151" complexity="0" loc="95" ncloc="95" packages="2" files="3" classes="3"/>
    <package name="client">
      <metrics statements="77" coveredstatements="70" conditionals="53" coveredconditionals="41" methods="9" coveredmethods="9"/>
      <file name="app.jsx" path="/Users/ShaneSutro/Galvanize/mini-apps-2/challenge_3/client/app.jsx">
        <metrics statements="77" coveredstatements="70" conditionals="53" coveredconditionals="41" methods="9" coveredmethods="9"/>
        <line num="7" count="1" type="stmt"/>
        <line num="11" count="10" type="stmt"/>
        <line num="12" count="10" type="stmt"/>
        <line num="121" count="13" type="stmt"/>
        <line num="122" count="13" type="stmt"/>
        <line num="126" count="29" type="stmt"/>
        <line num="127" count="29" type="stmt"/>
        <line num="128" count="29" type="stmt"/>
        <line num="129" count="72" type="stmt"/>
        <line num="130" count="72" type="cond" truecount="4" falsecount="0"/>
        <line num="131" count="27" type="stmt"/>
        <line num="132" count="27" type="cond" truecount="2" falsecount="0"/>
        <line num="133" count="21" type="stmt"/>
        <line num="135" count="27" type="stmt"/>
        <line num="136" count="27" type="stmt"/>
        <line num="137" count="324" type="stmt"/>
        <line num="139" count="27" type="stmt"/>
        <line num="140" count="27" type="stmt"/>
        <line num="150" count="29" type="stmt"/>
        <line num="151" count="29" type="cond" truecount="4" falsecount="0"/>
        <line num="152" count="3" type="cond" truecount="1" falsecount="1"/>
        <line num="153" count="3" type="stmt"/>
        <line num="154" count="3" type="stmt"/>
        <line num="155" count="0" type="cond" truecount="0" falsecount="4"/>
        <line num="156" count="0" type="stmt"/>
        <line num="157" count="0" type="stmt"/>
        <line num="161" count="26" type="cond" truecount="2" falsecount="0"/>
        <line num="162" count="18" type="cond" truecount="5" falsecount="0"/>
        <line num="163" count="13" type="stmt"/>
        <line num="164" count="13" type="stmt"/>
        <line num="166" count="5" type="stmt"/>
        <line num="168" count="8" type="cond" truecount="1" falsecount="1"/>
        <line num="169" count="8" type="stmt"/>
        <line num="170" count="0" type="cond" truecount="0" falsecount="2"/>
        <line num="171" count="0" type="stmt"/>
        <line num="176" count="29" type="stmt"/>
        <line num="181" count="29" type="stmt"/>
        <line num="182" count="29" type="stmt"/>
        <line num="183" count="29" type="stmt"/>
        <line num="184" count="29" type="stmt"/>
        <line num="185" count="29" type="stmt"/>
        <line num="186" count="29" type="stmt"/>
        <line num="187" count="29" type="stmt"/>
        <line num="191" count="30" type="stmt"/>
        <line num="192" count="30" type="cond" truecount="2" falsecount="0"/>
        <line num="193" count="11" type="stmt"/>
        <line num="194" count="11" type="cond" truecount="4" falsecount="0"/>
        <line num="195" count="5" type="cond" truecount="1" falsecount="1"/>
        <line num="196" count="0" type="stmt"/>
        <line num="199" count="11" type="cond" truecount="4" falsecount="0"/>
        <line num="200" count="4" type="cond" truecount="1" falsecount="1"/>
        <line num="201" count="0" type="stmt"/>
        <line num="204" count="11" type="stmt"/>
        <line num="206" count="19" type="stmt"/>
        <line num="215" count="29" type="stmt"/>
        <line num="216" count="29" type="cond" truecount="2" falsecount="0"/>
        <line num="217" count="26" type="stmt"/>
        <line num="218" count="26" type="cond" truecount="2" falsecount="0"/>
        <line num="219" count="15" type="stmt"/>
        <line num="223" count="15" type="cond" truecount="2" falsecount="0"/>
        <line num="224" count="13" type="stmt"/>
        <line num="225" count="13" type="stmt"/>
        <line num="226" count="13" type="stmt"/>
        <line num="227" count="2" type="cond" truecount="1" falsecount="1"/>
        <line num="228" count="2" type="stmt"/>
        <line num="229" count="2" type="stmt"/>
        <line num="230" count="2" type="stmt"/>
        <line num="237" count="30" type="stmt"/>
        <line num="238" count="30" type="stmt"/>
        <line num="239" count="30" type="cond" truecount="1" falsecount="1"/>
        <line num="240" count="30" type="cond" truecount="2" falsecount="0"/>
        <line num="241" count="29" type="stmt"/>
        <line num="242" count="29" type="stmt"/>
        <line num="243" count="29" type="stmt"/>
        <line num="244" count="29" type="stmt"/>
        <line num="253" count="42" type="stmt"/>
        <line num="254" count="42" type="stmt"/>
      </file>
    </package>
    <package name="client.components">
      <metrics statements="18" coveredstatements="18" conditionals="8" coveredconditionals="8" methods="5" coveredmethods="5"/>
      <file name="Frames.jsx" path="/Users/ShaneSutro/Galvanize/mini-apps-2/challenge_3/client/components/Frames.jsx">
        <metrics statements="15" coveredstatements="15" conditionals="8" coveredconditionals="8" methods="4" coveredmethods="4"/>
        <line num="5" count="1" type="stmt"/>
        <line num="6" count="41" type="stmt"/>
        <line num="14" count="492" type="cond" truecount="2" falsecount="0"/>
        <line num="15" count="410" type="stmt"/>
        <line num="21" count="82" type="stmt"/>
        <line num="26" count="492" type="cond" truecount="2" falsecount="0"/>
        <line num="27" count="369" type="stmt"/>
        <line num="28" count="123" type="cond" truecount="2" falsecount="0"/>
        <line num="29" count="41" type="stmt"/>
        <line num="31" count="82" type="stmt"/>
        <line num="37" count="492" type="cond" truecount="2" falsecount="0"/>
        <line num="38" count="410" type="stmt"/>
        <line num="40" count="82" type="stmt"/>
        <line num="48" count="1" type="stmt"/>
        <line num="63" count="1" type="stmt"/>
      </file>
      <file name="Keypad.jsx" path="/Users/ShaneSutro/Galvanize/mini-apps-2/challenge_3/client/components/Keypad.jsx">
        <metrics statements="3" coveredstatements="3" conditionals="0" coveredconditionals="0" methods="1" coveredmethods="1"/>
        <line num="6" count="2" type="stmt"/>
        <line num="7" count="44" type="stmt"/>
        <line num="33" count="2" type="stmt"/>
      </file>
    </package>
  </project>
</coverage>
