{"/Users/ShaneSutro/Galvanize/mini-apps-2/challenge_3/client/app.jsx": {"path":"/Users/ShaneSutro/Galvanize/mini-apps-2/challenge_3/client/app.jsx","statementMap":{"0":{"start":{"line":7,"column":16},"end":{"line":7,"column":23}},"1":{"start":{"line":11,"column":4},"end":{"line":11,"column":17}},"2":{"start":{"line":12,"column":4},"end":{"line":117,"column":6}},"3":{"start":{"line":121,"column":22},"end":{"line":121,"column":32}},"4":{"start":{"line":122,"column":4},"end":{"line":122,"column":49}},"5":{"start":{"line":126,"column":32},"end":{"line":126,"column":42}},"6":{"start":{"line":127,"column":20},"end":{"line":127,"column":30}},"7":{"start":{"line":128,"column":4},"end":{"line":146,"column":5}},"8":{"start":{"line":128,"column":17},"end":{"line":128,"column":18}},"9":{"start":{"line":129,"column":20},"end":{"line":129,"column":30}},"10":{"start":{"line":130,"column":6},"end":{"line":145,"column":7}},"11":{"start":{"line":131,"column":27},"end":{"line":131,"column":65}},"12":{"start":{"line":132,"column":8},"end":{"line":134,"column":9}},"13":{"start":{"line":133,"column":10},"end":{"line":133,"column":86}},"14":{"start":{"line":135,"column":23},"end":{"line":135,"column":24}},"15":{"start":{"line":136,"column":8},"end":{"line":138,"column":9}},"16":{"start":{"line":136,"column":21},"end":{"line":136,"column":22}},"17":{"start":{"line":137,"column":10},"end":{"line":137,"column":44}},"18":{"start":{"line":139,"column":8},"end":{"line":139,"column":36}},"19":{"start":{"line":140,"column":8},"end":{"line":144,"column":11}},"20":{"start":{"line":150,"column":36},"end":{"line":150,"column":46}},"21":{"start":{"line":151,"column":4},"end":{"line":159,"column":5}},"22":{"start":{"line":152,"column":6},"end":{"line":158,"column":7}},"23":{"start":{"line":153,"column":8},"end":{"line":153,"column":50}},"24":{"start":{"line":154,"column":8},"end":{"line":154,"column":15}},"25":{"start":{"line":155,"column":13},"end":{"line":158,"column":7}},"26":{"start":{"line":156,"column":8},"end":{"line":156,"column":50}},"27":{"start":{"line":157,"column":8},"end":{"line":157,"column":15}},"28":{"start":{"line":161,"column":4},"end":{"line":172,"column":5}},"29":{"start":{"line":162,"column":6},"end":{"line":167,"column":7}},"30":{"start":{"line":163,"column":8},"end":{"line":163,"column":35}},"31":{"start":{"line":164,"column":8},"end":{"line":164,"column":29}},"32":{"start":{"line":166,"column":8},"end":{"line":166,"column":42}},"33":{"start":{"line":168,"column":11},"end":{"line":172,"column":5}},"34":{"start":{"line":169,"column":6},"end":{"line":169,"column":40}},"35":{"start":{"line":170,"column":11},"end":{"line":172,"column":5}},"36":{"start":{"line":171,"column":6},"end":{"line":171,"column":27}},"37":{"start":{"line":176,"column":19},"end":{"line":180,"column":5}},"38":{"start":{"line":181,"column":17},"end":{"line":181,"column":29}},"39":{"start":{"line":182,"column":20},"end":{"line":182,"column":30}},"40":{"start":{"line":183,"column":23},"end":{"line":183,"column":33}},"41":{"start":{"line":184,"column":4},"end":{"line":184,"column":51}},"42":{"start":{"line":185,"column":4},"end":{"line":185,"column":51}},"43":{"start":{"line":186,"column":4},"end":{"line":186,"column":27}},"44":{"start":{"line":187,"column":4},"end":{"line":187,"column":37}},"45":{"start":{"line":191,"column":29},"end":{"line":191,"column":39}},"46":{"start":{"line":192,"column":4},"end":{"line":205,"column":5}},"47":{"start":{"line":193,"column":29},"end":{"line":193,"column":44}},"48":{"start":{"line":194,"column":6},"end":{"line":198,"column":7}},"49":{"start":{"line":195,"column":8},"end":{"line":197,"column":9}},"50":{"start":{"line":196,"column":10},"end":{"line":196,"column":23}},"51":{"start":{"line":199,"column":6},"end":{"line":203,"column":7}},"52":{"start":{"line":200,"column":8},"end":{"line":202,"column":9}},"53":{"start":{"line":201,"column":10},"end":{"line":201,"column":23}},"54":{"start":{"line":204,"column":6},"end":{"line":204,"column":18}},"55":{"start":{"line":206,"column":4},"end":{"line":206,"column":63}},"56":{"start":{"line":215,"column":8},"end":{"line":215,"column":18}},"57":{"start":{"line":216,"column":4},"end":{"line":233,"column":5}},"58":{"start":{"line":217,"column":20},"end":{"line":217,"column":49}},"59":{"start":{"line":218,"column":6},"end":{"line":232,"column":7}},"60":{"start":{"line":219,"column":22},"end":{"line":222,"column":9}},"61":{"start":{"line":223,"column":8},"end":{"line":231,"column":9}},"62":{"start":{"line":224,"column":10},"end":{"line":224,"column":35}},"63":{"start":{"line":225,"column":10},"end":{"line":225,"column":30}},"64":{"start":{"line":226,"column":10},"end":{"line":226,"column":37}},"65":{"start":{"line":227,"column":15},"end":{"line":231,"column":9}},"66":{"start":{"line":228,"column":10},"end":{"line":228,"column":35}},"67":{"start":{"line":229,"column":10},"end":{"line":229,"column":30}},"68":{"start":{"line":230,"column":10},"end":{"line":230,"column":37}},"69":{"start":{"line":237,"column":38},"end":{"line":237,"column":48}},"70":{"start":{"line":238,"column":18},"end":{"line":238,"column":40}},"71":{"start":{"line":239,"column":4},"end":{"line":239,"column":36}},"72":{"start":{"line":239,"column":27},"end":{"line":239,"column":34}},"73":{"start":{"line":240,"column":4},"end":{"line":240,"column":53}},"74":{"start":{"line":240,"column":44},"end":{"line":240,"column":51}},"75":{"start":{"line":241,"column":4},"end":{"line":241,"column":38}},"76":{"start":{"line":242,"column":4},"end":{"line":242,"column":36}},"77":{"start":{"line":243,"column":4},"end":{"line":243,"column":30}},"78":{"start":{"line":244,"column":4},"end":{"line":244,"column":25}},"79":{"start":{"line":253,"column":8},"end":{"line":253,"column":18}},"80":{"start":{"line":254,"column":4},"end":{"line":260,"column":6}}},"fnMap":{"0":{"name":"(anonymous_0)","decl":{"start":{"line":10,"column":2},"end":{"line":10,"column":3}},"loc":{"start":{"line":10,"column":21},"end":{"line":118,"column":3}},"line":10},"1":{"name":"(anonymous_1)","decl":{"start":{"line":120,"column":2},"end":{"line":120,"column":3}},"loc":{"start":{"line":120,"column":18},"end":{"line":123,"column":3}},"line":120},"2":{"name":"(anonymous_2)","decl":{"start":{"line":125,"column":2},"end":{"line":125,"column":3}},"loc":{"start":{"line":125,"column":25},"end":{"line":147,"column":3}},"line":125},"3":{"name":"(anonymous_3)","decl":{"start":{"line":149,"column":2},"end":{"line":149,"column":3}},"loc":{"start":{"line":149,"column":13},"end":{"line":173,"column":3}},"line":149},"4":{"name":"(anonymous_4)","decl":{"start":{"line":175,"column":2},"end":{"line":175,"column":3}},"loc":{"start":{"line":175,"column":31},"end":{"line":188,"column":3}},"line":175},"5":{"name":"(anonymous_5)","decl":{"start":{"line":190,"column":2},"end":{"line":190,"column":3}},"loc":{"start":{"line":190,"column":29},"end":{"line":207,"column":3}},"line":190},"6":{"name":"(anonymous_6)","decl":{"start":{"line":209,"column":2},"end":{"line":209,"column":3}},"loc":{"start":{"line":209,"column":23},"end":{"line":234,"column":3}},"line":209},"7":{"name":"(anonymous_7)","decl":{"start":{"line":236,"column":2},"end":{"line":236,"column":3}},"loc":{"start":{"line":236,"column":16},"end":{"line":245,"column":3}},"line":236},"8":{"name":"(anonymous_8)","decl":{"start":{"line":247,"column":2},"end":{"line":247,"column":3}},"loc":{"start":{"line":247,"column":11},"end":{"line":261,"column":3}},"line":247}},"branchMap":{"0":{"loc":{"start":{"line":130,"column":6},"end":{"line":145,"column":7}},"type":"if","locations":[{"start":{"line":130,"column":6},"end":{"line":145,"column":7}},{"start":{"line":130,"column":6},"end":{"line":145,"column":7}}],"line":130},"1":{"loc":{"start":{"line":130,"column":10},"end":{"line":130,"column":58}},"type":"binary-expr","locations":[{"start":{"line":130,"column":10},"end":{"line":130,"column":34}},{"start":{"line":130,"column":38},"end":{"line":130,"column":58}}],"line":130},"2":{"loc":{"start":{"line":132,"column":8},"end":{"line":134,"column":9}},"type":"if","locations":[{"start":{"line":132,"column":8},"end":{"line":134,"column":9}},{"start":{"line":132,"column":8},"end":{"line":134,"column":9}}],"line":132},"3":{"loc":{"start":{"line":151,"column":4},"end":{"line":159,"column":5}},"type":"if","locations":[{"start":{"line":151,"column":4},"end":{"line":159,"column":5}},{"start":{"line":151,"column":4},"end":{"line":159,"column":5}}],"line":151},"4":{"loc":{"start":{"line":151,"column":8},"end":{"line":151,"column":34}},"type":"binary-expr","locations":[{"start":{"line":151,"column":8},"end":{"line":151,"column":20}},{"start":{"line":151,"column":24},"end":{"line":151,"column":34}}],"line":151},"5":{"loc":{"start":{"line":152,"column":6},"end":{"line":158,"column":7}},"type":"if","locations":[{"start":{"line":152,"column":6},"end":{"line":158,"column":7}},{"start":{"line":152,"column":6},"end":{"line":158,"column":7}}],"line":152},"6":{"loc":{"start":{"line":155,"column":13},"end":{"line":158,"column":7}},"type":"if","locations":[{"start":{"line":155,"column":13},"end":{"line":158,"column":7}},{"start":{"line":155,"column":13},"end":{"line":158,"column":7}}],"line":155},"7":{"loc":{"start":{"line":155,"column":17},"end":{"line":155,"column":77}},"type":"binary-expr","locations":[{"start":{"line":155,"column":17},"end":{"line":155,"column":27}},{"start":{"line":155,"column":31},"end":{"line":155,"column":77}}],"line":155},"8":{"loc":{"start":{"line":161,"column":4},"end":{"line":172,"column":5}},"type":"if","locations":[{"start":{"line":161,"column":4},"end":{"line":172,"column":5}},{"start":{"line":161,"column":4},"end":{"line":172,"column":5}}],"line":161},"9":{"loc":{"start":{"line":162,"column":6},"end":{"line":167,"column":7}},"type":"if","locations":[{"start":{"line":162,"column":6},"end":{"line":167,"column":7}},{"start":{"line":162,"column":6},"end":{"line":167,"column":7}}],"line":162},"10":{"loc":{"start":{"line":162,"column":10},"end":{"line":162,"column":76}},"type":"binary-expr","locations":[{"start":{"line":162,"column":11},"end":{"line":162,"column":21}},{"start":{"line":162,"column":25},"end":{"line":162,"column":35}},{"start":{"line":162,"column":40},"end":{"line":162,"column":76}}],"line":162},"11":{"loc":{"start":{"line":168,"column":11},"end":{"line":172,"column":5}},"type":"if","locations":[{"start":{"line":168,"column":11},"end":{"line":172,"column":5}},{"start":{"line":168,"column":11},"end":{"line":172,"column":5}}],"line":168},"12":{"loc":{"start":{"line":170,"column":11},"end":{"line":172,"column":5}},"type":"if","locations":[{"start":{"line":170,"column":11},"end":{"line":172,"column":5}},{"start":{"line":170,"column":11},"end":{"line":172,"column":5}}],"line":170},"13":{"loc":{"start":{"line":192,"column":4},"end":{"line":205,"column":5}},"type":"if","locations":[{"start":{"line":192,"column":4},"end":{"line":205,"column":5}},{"start":{"line":192,"column":4},"end":{"line":205,"column":5}}],"line":192},"14":{"loc":{"start":{"line":194,"column":6},"end":{"line":198,"column":7}},"type":"if","locations":[{"start":{"line":194,"column":6},"end":{"line":198,"column":7}},{"start":{"line":194,"column":6},"end":{"line":198,"column":7}}],"line":194},"15":{"loc":{"start":{"line":194,"column":10},"end":{"line":194,"column":47}},"type":"binary-expr","locations":[{"start":{"line":194,"column":10},"end":{"line":194,"column":18}},{"start":{"line":194,"column":22},"end":{"line":194,"column":47}}],"line":194},"16":{"loc":{"start":{"line":195,"column":8},"end":{"line":197,"column":9}},"type":"if","locations":[{"start":{"line":195,"column":8},"end":{"line":197,"column":9}},{"start":{"line":195,"column":8},"end":{"line":197,"column":9}}],"line":195},"17":{"loc":{"start":{"line":199,"column":6},"end":{"line":203,"column":7}},"type":"if","locations":[{"start":{"line":199,"column":6},"end":{"line":203,"column":7}},{"start":{"line":199,"column":6},"end":{"line":203,"column":7}}],"line":199},"18":{"loc":{"start":{"line":199,"column":10},"end":{"line":199,"column":64}},"type":"binary-expr","locations":[{"start":{"line":199,"column":10},"end":{"line":199,"column":35}},{"start":{"line":199,"column":39},"end":{"line":199,"column":64}}],"line":199},"19":{"loc":{"start":{"line":200,"column":8},"end":{"line":202,"column":9}},"type":"if","locations":[{"start":{"line":200,"column":8},"end":{"line":202,"column":9}},{"start":{"line":200,"column":8},"end":{"line":202,"column":9}}],"line":200},"20":{"loc":{"start":{"line":216,"column":4},"end":{"line":233,"column":5}},"type":"if","locations":[{"start":{"line":216,"column":4},"end":{"line":233,"column":5}},{"start":{"line":216,"column":4},"end":{"line":233,"column":5}}],"line":216},"21":{"loc":{"start":{"line":218,"column":6},"end":{"line":232,"column":7}},"type":"if","locations":[{"start":{"line":218,"column":6},"end":{"line":232,"column":7}},{"start":{"line":218,"column":6},"end":{"line":232,"column":7}}],"line":218},"22":{"loc":{"start":{"line":223,"column":8},"end":{"line":231,"column":9}},"type":"if","locations":[{"start":{"line":223,"column":8},"end":{"line":231,"column":9}},{"start":{"line":223,"column":8},"end":{"line":231,"column":9}}],"line":223},"23":{"loc":{"start":{"line":227,"column":15},"end":{"line":231,"column":9}},"type":"if","locations":[{"start":{"line":227,"column":15},"end":{"line":231,"column":9}},{"start":{"line":227,"column":15},"end":{"line":231,"column":9}}],"line":227},"24":{"loc":{"start":{"line":239,"column":4},"end":{"line":239,"column":36}},"type":"if","locations":[{"start":{"line":239,"column":4},"end":{"line":239,"column":36}},{"start":{"line":239,"column":4},"end":{"line":239,"column":36}}],"line":239},"25":{"loc":{"start":{"line":240,"column":4},"end":{"line":240,"column":53}},"type":"if","locations":[{"start":{"line":240,"column":4},"end":{"line":240,"column":53}},{"start":{"line":240,"column":4},"end":{"line":240,"column":53}}],"line":240}},"s":{"0":1,"1":10,"2":10,"3":13,"4":13,"5":29,"6":29,"7":29,"8":29,"9":72,"10":72,"11":27,"12":27,"13":21,"14":27,"15":27,"16":27,"17":324,"18":27,"19":27,"20":29,"21":29,"22":3,"23":3,"24":3,"25":0,"26":0,"27":0,"28":26,"29":18,"30":13,"31":13,"32":5,"33":8,"34":8,"35":0,"36":0,"37":29,"38":29,"39":29,"40":29,"41":29,"42":29,"43":29,"44":29,"45":30,"46":30,"47":11,"48":11,"49":5,"50":0,"51":11,"52":4,"53":0,"54":11,"55":19,"56":29,"57":29,"58":26,"59":26,"60":15,"61":15,"62":13,"63":13,"64":13,"65":2,"66":2,"67":2,"68":2,"69":30,"70":30,"71":30,"72":0,"73":30,"74":1,"75":29,"76":29,"77":29,"78":29,"79":42,"80":42},"f":{"0":10,"1":13,"2":29,"3":29,"4":29,"5":30,"6":29,"7":30,"8":42},"b":{"0":[27,45],"1":[72,27],"2":[21,6],"3":[3,26],"4":[29,11],"5":[3,0],"6":[0,0],"7":[0,0],"8":[18,8],"9":[13,5],"10":[18,3,15],"11":[8,0],"12":[0,0],"13":[11,19],"14":[5,6],"15":[11,8],"16":[0,5],"17":[4,7],"18":[11,6],"19":[0,4],"20":[26,3],"21":[15,11],"22":[13,2],"23":[2,0],"24":[0,30],"25":[1,29]},"_coverageSchema":"1a1c01bbd47fc00a2c39e90264f33305004495a9","hash":"b0079d32e4cee436aef73eb9e88b15176e1866b0"}
,"/Users/ShaneSutro/Galvanize/mini-apps-2/challenge_3/client/components/Frames.jsx": {"path":"/Users/ShaneSutro/Galvanize/mini-apps-2/challenge_3/client/components/Frames.jsx","statementMap":{"0":{"start":{"line":5,"column":15},"end":{"line":46,"column":1}},"1":{"start":{"line":6,"column":2},"end":{"line":45,"column":8}},"2":{"start":{"line":14,"column":12},"end":{"line":20,"column":13}},"3":{"start":{"line":15,"column":14},"end":{"line":19,"column":16}},"4":{"start":{"line":21,"column":12},"end":{"line":21,"column":24}},"5":{"start":{"line":26,"column":12},"end":{"line":32,"column":13}},"6":{"start":{"line":27,"column":14},"end":{"line":27,"column":92}},"7":{"start":{"line":28,"column":19},"end":{"line":32,"column":13}},"8":{"start":{"line":29,"column":14},"end":{"line":29,"column":115}},"9":{"start":{"line":31,"column":14},"end":{"line":31,"column":26}},"10":{"start":{"line":37,"column":12},"end":{"line":39,"column":13}},"11":{"start":{"line":38,"column":14},"end":{"line":38,"column":86}},"12":{"start":{"line":40,"column":12},"end":{"line":40,"column":24}},"13":{"start":{"line":48,"column":0},"end":{"line":61,"column":2}},"14":{"start":{"line":63,"column":0},"end":{"line":66,"column":2}}},"fnMap":{"0":{"name":"(anonymous_0)","decl":{"start":{"line":5,"column":15},"end":{"line":5,"column":16}},"loc":{"start":{"line":6,"column":2},"end":{"line":45,"column":8}},"line":6},"1":{"name":"(anonymous_1)","decl":{"start":{"line":13,"column":29},"end":{"line":13,"column":30}},"loc":{"start":{"line":13,"column":40},"end":{"line":22,"column":11}},"line":13},"2":{"name":"(anonymous_2)","decl":{"start":{"line":25,"column":29},"end":{"line":25,"column":30}},"loc":{"start":{"line":25,"column":40},"end":{"line":33,"column":11}},"line":25},"3":{"name":"(anonymous_3)","decl":{"start":{"line":36,"column":29},"end":{"line":36,"column":30}},"loc":{"start":{"line":36,"column":40},"end":{"line":41,"column":11}},"line":36}},"branchMap":{"0":{"loc":{"start":{"line":14,"column":12},"end":{"line":20,"column":13}},"type":"if","locations":[{"start":{"line":14,"column":12},"end":{"line":20,"column":13}},{"start":{"line":14,"column":12},"end":{"line":20,"column":13}}],"line":14},"1":{"loc":{"start":{"line":26,"column":12},"end":{"line":32,"column":13}},"type":"if","locations":[{"start":{"line":26,"column":12},"end":{"line":32,"column":13}},{"start":{"line":26,"column":12},"end":{"line":32,"column":13}}],"line":26},"2":{"loc":{"start":{"line":28,"column":19},"end":{"line":32,"column":13}},"type":"if","locations":[{"start":{"line":28,"column":19},"end":{"line":32,"column":13}},{"start":{"line":28,"column":19},"end":{"line":32,"column":13}}],"line":28},"3":{"loc":{"start":{"line":37,"column":12},"end":{"line":39,"column":13}},"type":"if","locations":[{"start":{"line":37,"column":12},"end":{"line":39,"column":13}},{"start":{"line":37,"column":12},"end":{"line":39,"column":13}}],"line":37}},"s":{"0":1,"1":41,"2":492,"3":410,"4":82,"5":492,"6":369,"7":123,"8":41,"9":82,"10":492,"11":410,"12":82,"13":1,"14":1},"f":{"0":41,"1":492,"2":492,"3":492},"b":{"0":[410,82],"1":[369,123],"2":[41,82],"3":[410,82]},"_coverageSchema":"1a1c01bbd47fc00a2c39e90264f33305004495a9","hash":"3e7929a0e26e7c0aa873d4420436f907588af4b4"}
,"/Users/ShaneSutro/Galvanize/mini-apps-2/challenge_3/client/components/Keypad.jsx": {"path":"/Users/ShaneSutro/Galvanize/mini-apps-2/challenge_3/client/components/Keypad.jsx","statementMap":{"0":{"start":{"line":6,"column":15},"end":{"line":31,"column":1}},"1":{"start":{"line":7,"column":2},"end":{"line":30,"column":8}},"2":{"start":{"line":33,"column":0},"end":{"line":37,"column":2}}},"fnMap":{"0":{"name":"(anonymous_0)","decl":{"start":{"line":6,"column":15},"end":{"line":6,"column":16}},"loc":{"start":{"line":7,"column":2},"end":{"line":30,"column":8}},"line":7}},"branchMap":{},"s":{"0":2,"1":44,"2":2},"f":{"0":44},"b":{},"_coverageSchema":"1a1c01bbd47fc00a2c39e90264f33305004495a9","hash":"1093afdb69abfaefa14b15095dd577bbf32e9d7f"}
}
