{"/Users/ShaneSutro/Galvanize/mini-apps-2/challenge_3/client/app.jsx": {"path":"/Users/ShaneSutro/Galvanize/mini-apps-2/challenge_3/client/app.jsx","statementMap":{"0":{"start":{"line":7,"column":16},"end":{"line":7,"column":23}},"1":{"start":{"line":11,"column":4},"end":{"line":11,"column":17}},"2":{"start":{"line":12,"column":4},"end":{"line":117,"column":6}},"3":{"start":{"line":121,"column":22},"end":{"line":121,"column":32}},"4":{"start":{"line":122,"column":4},"end":{"line":122,"column":49}},"5":{"start":{"line":126,"column":32},"end":{"line":126,"column":42}},"6":{"start":{"line":127,"column":4},"end":{"line":127,"column":26}},"7":{"start":{"line":128,"column":4},"end":{"line":139,"column":5}},"8":{"start":{"line":128,"column":17},"end":{"line":128,"column":18}},"9":{"start":{"line":129,"column":20},"end":{"line":129,"column":30}},"10":{"start":{"line":130,"column":6},"end":{"line":138,"column":7}},"11":{"start":{"line":131,"column":27},"end":{"line":131,"column":65}},"12":{"start":{"line":132,"column":8},"end":{"line":132,"column":84}},"13":{"start":{"line":133,"column":8},"end":{"line":133,"column":36}},"14":{"start":{"line":134,"column":8},"end":{"line":137,"column":11}},"15":{"start":{"line":143,"column":36},"end":{"line":143,"column":46}},"16":{"start":{"line":144,"column":4},"end":{"line":147,"column":5}},"17":{"start":{"line":145,"column":6},"end":{"line":145,"column":48}},"18":{"start":{"line":146,"column":6},"end":{"line":146,"column":13}},"19":{"start":{"line":150,"column":4},"end":{"line":153,"column":5}},"20":{"start":{"line":151,"column":6},"end":{"line":151,"column":48}},"21":{"start":{"line":152,"column":6},"end":{"line":152,"column":13}},"22":{"start":{"line":154,"column":4},"end":{"line":165,"column":5}},"23":{"start":{"line":155,"column":6},"end":{"line":160,"column":7}},"24":{"start":{"line":156,"column":8},"end":{"line":156,"column":35}},"25":{"start":{"line":157,"column":8},"end":{"line":157,"column":29}},"26":{"start":{"line":159,"column":8},"end":{"line":159,"column":42}},"27":{"start":{"line":161,"column":11},"end":{"line":165,"column":5}},"28":{"start":{"line":162,"column":6},"end":{"line":162,"column":40}},"29":{"start":{"line":163,"column":11},"end":{"line":165,"column":5}},"30":{"start":{"line":164,"column":6},"end":{"line":164,"column":27}},"31":{"start":{"line":169,"column":19},"end":{"line":173,"column":5}},"32":{"start":{"line":174,"column":17},"end":{"line":174,"column":29}},"33":{"start":{"line":175,"column":20},"end":{"line":175,"column":30}},"34":{"start":{"line":176,"column":23},"end":{"line":176,"column":33}},"35":{"start":{"line":177,"column":4},"end":{"line":177,"column":51}},"36":{"start":{"line":178,"column":4},"end":{"line":178,"column":51}},"37":{"start":{"line":179,"column":4},"end":{"line":179,"column":27}},"38":{"start":{"line":180,"column":4},"end":{"line":180,"column":37}},"39":{"start":{"line":184,"column":29},"end":{"line":184,"column":39}},"40":{"start":{"line":185,"column":4},"end":{"line":198,"column":5}},"41":{"start":{"line":186,"column":29},"end":{"line":186,"column":44}},"42":{"start":{"line":187,"column":6},"end":{"line":191,"column":7}},"43":{"start":{"line":188,"column":8},"end":{"line":190,"column":9}},"44":{"start":{"line":189,"column":10},"end":{"line":189,"column":23}},"45":{"start":{"line":192,"column":6},"end":{"line":196,"column":7}},"46":{"start":{"line":193,"column":8},"end":{"line":195,"column":9}},"47":{"start":{"line":194,"column":10},"end":{"line":194,"column":23}},"48":{"start":{"line":197,"column":6},"end":{"line":197,"column":18}},"49":{"start":{"line":199,"column":4},"end":{"line":199,"column":63}},"50":{"start":{"line":208,"column":8},"end":{"line":208,"column":18}},"51":{"start":{"line":209,"column":4},"end":{"line":226,"column":5}},"52":{"start":{"line":210,"column":20},"end":{"line":210,"column":49}},"53":{"start":{"line":211,"column":6},"end":{"line":225,"column":7}},"54":{"start":{"line":212,"column":22},"end":{"line":215,"column":9}},"55":{"start":{"line":216,"column":8},"end":{"line":224,"column":9}},"56":{"start":{"line":217,"column":10},"end":{"line":217,"column":35}},"57":{"start":{"line":218,"column":10},"end":{"line":218,"column":30}},"58":{"start":{"line":219,"column":10},"end":{"line":219,"column":37}},"59":{"start":{"line":220,"column":15},"end":{"line":224,"column":9}},"60":{"start":{"line":221,"column":10},"end":{"line":221,"column":35}},"61":{"start":{"line":222,"column":10},"end":{"line":222,"column":30}},"62":{"start":{"line":223,"column":10},"end":{"line":223,"column":37}},"63":{"start":{"line":230,"column":38},"end":{"line":230,"column":48}},"64":{"start":{"line":231,"column":18},"end":{"line":231,"column":40}},"65":{"start":{"line":232,"column":4},"end":{"line":232,"column":36}},"66":{"start":{"line":232,"column":27},"end":{"line":232,"column":34}},"67":{"start":{"line":233,"column":4},"end":{"line":233,"column":40}},"68":{"start":{"line":234,"column":4},"end":{"line":234,"column":53}},"69":{"start":{"line":234,"column":44},"end":{"line":234,"column":51}},"70":{"start":{"line":235,"column":4},"end":{"line":235,"column":36}},"71":{"start":{"line":236,"column":4},"end":{"line":236,"column":38}},"72":{"start":{"line":237,"column":4},"end":{"line":237,"column":30}},"73":{"start":{"line":238,"column":4},"end":{"line":238,"column":25}},"74":{"start":{"line":247,"column":8},"end":{"line":247,"column":18}},"75":{"start":{"line":248,"column":4},"end":{"line":254,"column":6}}},"fnMap":{"0":{"name":"(anonymous_0)","decl":{"start":{"line":10,"column":2},"end":{"line":10,"column":3}},"loc":{"start":{"line":10,"column":21},"end":{"line":118,"column":3}},"line":10},"1":{"name":"(anonymous_1)","decl":{"start":{"line":120,"column":2},"end":{"line":120,"column":3}},"loc":{"start":{"line":120,"column":18},"end":{"line":123,"column":3}},"line":120},"2":{"name":"(anonymous_2)","decl":{"start":{"line":125,"column":2},"end":{"line":125,"column":3}},"loc":{"start":{"line":125,"column":25},"end":{"line":140,"column":3}},"line":125},"3":{"name":"(anonymous_3)","decl":{"start":{"line":142,"column":2},"end":{"line":142,"column":3}},"loc":{"start":{"line":142,"column":13},"end":{"line":166,"column":3}},"line":142},"4":{"name":"(anonymous_4)","decl":{"start":{"line":168,"column":2},"end":{"line":168,"column":3}},"loc":{"start":{"line":168,"column":31},"end":{"line":181,"column":3}},"line":168},"5":{"name":"(anonymous_5)","decl":{"start":{"line":183,"column":2},"end":{"line":183,"column":3}},"loc":{"start":{"line":183,"column":29},"end":{"line":200,"column":3}},"line":183},"6":{"name":"(anonymous_6)","decl":{"start":{"line":202,"column":2},"end":{"line":202,"column":3}},"loc":{"start":{"line":202,"column":23},"end":{"line":227,"column":3}},"line":202},"7":{"name":"(anonymous_7)","decl":{"start":{"line":229,"column":2},"end":{"line":229,"column":3}},"loc":{"start":{"line":229,"column":16},"end":{"line":239,"column":3}},"line":229},"8":{"name":"(anonymous_8)","decl":{"start":{"line":241,"column":2},"end":{"line":241,"column":3}},"loc":{"start":{"line":241,"column":11},"end":{"line":255,"column":3}},"line":241}},"branchMap":{"0":{"loc":{"start":{"line":130,"column":6},"end":{"line":138,"column":7}},"type":"if","locations":[{"start":{"line":130,"column":6},"end":{"line":138,"column":7}},{"start":{"line":130,"column":6},"end":{"line":138,"column":7}}],"line":130},"1":{"loc":{"start":{"line":130,"column":10},"end":{"line":130,"column":57}},"type":"binary-expr","locations":[{"start":{"line":130,"column":10},"end":{"line":130,"column":34}},{"start":{"line":130,"column":38},"end":{"line":130,"column":57}}],"line":130},"2":{"loc":{"start":{"line":144,"column":4},"end":{"line":147,"column":5}},"type":"if","locations":[{"start":{"line":144,"column":4},"end":{"line":147,"column":5}},{"start":{"line":144,"column":4},"end":{"line":147,"column":5}}],"line":144},"3":{"loc":{"start":{"line":144,"column":8},"end":{"line":144,"column":34}},"type":"binary-expr","locations":[{"start":{"line":144,"column":8},"end":{"line":144,"column":20}},{"start":{"line":144,"column":24},"end":{"line":144,"column":34}}],"line":144},"4":{"loc":{"start":{"line":150,"column":4},"end":{"line":153,"column":5}},"type":"if","locations":[{"start":{"line":150,"column":4},"end":{"line":153,"column":5}},{"start":{"line":150,"column":4},"end":{"line":153,"column":5}}],"line":150},"5":{"loc":{"start":{"line":150,"column":8},"end":{"line":150,"column":68}},"type":"binary-expr","locations":[{"start":{"line":150,"column":8},"end":{"line":150,"column":18}},{"start":{"line":150,"column":22},"end":{"line":150,"column":68}}],"line":150},"6":{"loc":{"start":{"line":154,"column":4},"end":{"line":165,"column":5}},"type":"if","locations":[{"start":{"line":154,"column":4},"end":{"line":165,"column":5}},{"start":{"line":154,"column":4},"end":{"line":165,"column":5}}],"line":154},"7":{"loc":{"start":{"line":155,"column":6},"end":{"line":160,"column":7}},"type":"if","locations":[{"start":{"line":155,"column":6},"end":{"line":160,"column":7}},{"start":{"line":155,"column":6},"end":{"line":160,"column":7}}],"line":155},"8":{"loc":{"start":{"line":155,"column":10},"end":{"line":155,"column":76}},"type":"binary-expr","locations":[{"start":{"line":155,"column":11},"end":{"line":155,"column":21}},{"start":{"line":155,"column":25},"end":{"line":155,"column":35}},{"start":{"line":155,"column":40},"end":{"line":155,"column":76}}],"line":155},"9":{"loc":{"start":{"line":161,"column":11},"end":{"line":165,"column":5}},"type":"if","locations":[{"start":{"line":161,"column":11},"end":{"line":165,"column":5}},{"start":{"line":161,"column":11},"end":{"line":165,"column":5}}],"line":161},"10":{"loc":{"start":{"line":163,"column":11},"end":{"line":165,"column":5}},"type":"if","locations":[{"start":{"line":163,"column":11},"end":{"line":165,"column":5}},{"start":{"line":163,"column":11},"end":{"line":165,"column":5}}],"line":163},"11":{"loc":{"start":{"line":185,"column":4},"end":{"line":198,"column":5}},"type":"if","locations":[{"start":{"line":185,"column":4},"end":{"line":198,"column":5}},{"start":{"line":185,"column":4},"end":{"line":198,"column":5}}],"line":185},"12":{"loc":{"start":{"line":187,"column":6},"end":{"line":191,"column":7}},"type":"if","locations":[{"start":{"line":187,"column":6},"end":{"line":191,"column":7}},{"start":{"line":187,"column":6},"end":{"line":191,"column":7}}],"line":187},"13":{"loc":{"start":{"line":187,"column":10},"end":{"line":187,"column":47}},"type":"binary-expr","locations":[{"start":{"line":187,"column":10},"end":{"line":187,"column":18}},{"start":{"line":187,"column":22},"end":{"line":187,"column":47}}],"line":187},"14":{"loc":{"start":{"line":188,"column":8},"end":{"line":190,"column":9}},"type":"if","locations":[{"start":{"line":188,"column":8},"end":{"line":190,"column":9}},{"start":{"line":188,"column":8},"end":{"line":190,"column":9}}],"line":188},"15":{"loc":{"start":{"line":192,"column":6},"end":{"line":196,"column":7}},"type":"if","locations":[{"start":{"line":192,"column":6},"end":{"line":196,"column":7}},{"start":{"line":192,"column":6},"end":{"line":196,"column":7}}],"line":192},"16":{"loc":{"start":{"line":192,"column":10},"end":{"line":192,"column":64}},"type":"binary-expr","locations":[{"start":{"line":192,"column":10},"end":{"line":192,"column":35}},{"start":{"line":192,"column":39},"end":{"line":192,"column":64}}],"line":192},"17":{"loc":{"start":{"line":193,"column":8},"end":{"line":195,"column":9}},"type":"if","locations":[{"start":{"line":193,"column":8},"end":{"line":195,"column":9}},{"start":{"line":193,"column":8},"end":{"line":195,"column":9}}],"line":193},"18":{"loc":{"start":{"line":209,"column":4},"end":{"line":226,"column":5}},"type":"if","locations":[{"start":{"line":209,"column":4},"end":{"line":226,"column":5}},{"start":{"line":209,"column":4},"end":{"line":226,"column":5}}],"line":209},"19":{"loc":{"start":{"line":211,"column":6},"end":{"line":225,"column":7}},"type":"if","locations":[{"start":{"line":211,"column":6},"end":{"line":225,"column":7}},{"start":{"line":211,"column":6},"end":{"line":225,"column":7}}],"line":211},"20":{"loc":{"start":{"line":216,"column":8},"end":{"line":224,"column":9}},"type":"if","locations":[{"start":{"line":216,"column":8},"end":{"line":224,"column":9}},{"start":{"line":216,"column":8},"end":{"line":224,"column":9}}],"line":216},"21":{"loc":{"start":{"line":220,"column":15},"end":{"line":224,"column":9}},"type":"if","locations":[{"start":{"line":220,"column":15},"end":{"line":224,"column":9}},{"start":{"line":220,"column":15},"end":{"line":224,"column":9}}],"line":220},"22":{"loc":{"start":{"line":232,"column":4},"end":{"line":232,"column":36}},"type":"if","locations":[{"start":{"line":232,"column":4},"end":{"line":232,"column":36}},{"start":{"line":232,"column":4},"end":{"line":232,"column":36}}],"line":232},"23":{"loc":{"start":{"line":234,"column":4},"end":{"line":234,"column":53}},"type":"if","locations":[{"start":{"line":234,"column":4},"end":{"line":234,"column":53}},{"start":{"line":234,"column":4},"end":{"line":234,"column":53}}],"line":234}},"s":{"0":1,"1":1,"2":1,"3":0,"4":0,"5":0,"6":0,"7":0,"8":0,"9":0,"10":0,"11":0,"12":0,"13":0,"14":0,"15":0,"16":0,"17":0,"18":0,"19":0,"20":0,"21":0,"22":0,"23":0,"24":0,"25":0,"26":0,"27":0,"28":0,"29":0,"30":0,"31":0,"32":0,"33":0,"34":0,"35":0,"36":0,"37":0,"38":0,"39":0,"40":0,"41":0,"42":0,"43":0,"44":0,"45":0,"46":0,"47":0,"48":0,"49":0,"50":0,"51":0,"52":0,"53":0,"54":0,"55":0,"56":0,"57":0,"58":0,"59":0,"60":0,"61":0,"62":0,"63":0,"64":0,"65":0,"66":0,"67":0,"68":0,"69":0,"70":0,"71":0,"72":0,"73":0,"74":1,"75":1},"f":{"0":1,"1":0,"2":0,"3":0,"4":0,"5":0,"6":0,"7":0,"8":1},"b":{"0":[0,0],"1":[0,0],"2":[0,0],"3":[0,0],"4":[0,0],"5":[0,0],"6":[0,0],"7":[0,0],"8":[0,0,0],"9":[0,0],"10":[0,0],"11":[0,0],"12":[0,0],"13":[0,0],"14":[0,0],"15":[0,0],"16":[0,0],"17":[0,0],"18":[0,0],"19":[0,0],"20":[0,0],"21":[0,0],"22":[0,0],"23":[0,0]},"_coverageSchema":"1a1c01bbd47fc00a2c39e90264f33305004495a9","hash":"7079b76ad0e117814a5013b34fa0ba1d5ae65c32"}
,"/Users/ShaneSutro/Galvanize/mini-apps-2/challenge_3/client/components/Frames.jsx": {"path":"/Users/ShaneSutro/Galvanize/mini-apps-2/challenge_3/client/components/Frames.jsx","statementMap":{"0":{"start":{"line":5,"column":15},"end":{"line":46,"column":1}},"1":{"start":{"line":6,"column":2},"end":{"line":45,"column":8}},"2":{"start":{"line":14,"column":12},"end":{"line":20,"column":13}},"3":{"start":{"line":15,"column":14},"end":{"line":19,"column":16}},"4":{"start":{"line":21,"column":12},"end":{"line":21,"column":24}},"5":{"start":{"line":26,"column":12},"end":{"line":32,"column":13}},"6":{"start":{"line":27,"column":14},"end":{"line":27,"column":92}},"7":{"start":{"line":28,"column":19},"end":{"line":32,"column":13}},"8":{"start":{"line":29,"column":14},"end":{"line":29,"column":115}},"9":{"start":{"line":31,"column":14},"end":{"line":31,"column":26}},"10":{"start":{"line":37,"column":12},"end":{"line":39,"column":13}},"11":{"start":{"line":38,"column":14},"end":{"line":38,"column":86}},"12":{"start":{"line":40,"column":12},"end":{"line":40,"column":24}},"13":{"start":{"line":48,"column":0},"end":{"line":61,"column":2}},"14":{"start":{"line":63,"column":0},"end":{"line":66,"column":2}}},"fnMap":{"0":{"name":"(anonymous_0)","decl":{"start":{"line":5,"column":15},"end":{"line":5,"column":16}},"loc":{"start":{"line":6,"column":2},"end":{"line":45,"column":8}},"line":6},"1":{"name":"(anonymous_1)","decl":{"start":{"line":13,"column":29},"end":{"line":13,"column":30}},"loc":{"start":{"line":13,"column":40},"end":{"line":22,"column":11}},"line":13},"2":{"name":"(anonymous_2)","decl":{"start":{"line":25,"column":29},"end":{"line":25,"column":30}},"loc":{"start":{"line":25,"column":40},"end":{"line":33,"column":11}},"line":25},"3":{"name":"(anonymous_3)","decl":{"start":{"line":36,"column":29},"end":{"line":36,"column":30}},"loc":{"start":{"line":36,"column":40},"end":{"line":41,"column":11}},"line":36}},"branchMap":{"0":{"loc":{"start":{"line":14,"column":12},"end":{"line":20,"column":13}},"type":"if","locations":[{"start":{"line":14,"column":12},"end":{"line":20,"column":13}},{"start":{"line":14,"column":12},"end":{"line":20,"column":13}}],"line":14},"1":{"loc":{"start":{"line":26,"column":12},"end":{"line":32,"column":13}},"type":"if","locations":[{"start":{"line":26,"column":12},"end":{"line":32,"column":13}},{"start":{"line":26,"column":12},"end":{"line":32,"column":13}}],"line":26},"2":{"loc":{"start":{"line":28,"column":19},"end":{"line":32,"column":13}},"type":"if","locations":[{"start":{"line":28,"column":19},"end":{"line":32,"column":13}},{"start":{"line":28,"column":19},"end":{"line":32,"column":13}}],"line":28},"3":{"loc":{"start":{"line":37,"column":12},"end":{"line":39,"column":13}},"type":"if","locations":[{"start":{"line":37,"column":12},"end":{"line":39,"column":13}},{"start":{"line":37,"column":12},"end":{"line":39,"column":13}}],"line":37}},"s":{"0":1,"1":0,"2":0,"3":0,"4":0,"5":0,"6":0,"7":0,"8":0,"9":0,"10":0,"11":0,"12":0,"13":1,"14":1},"f":{"0":0,"1":0,"2":0,"3":0},"b":{"0":[0,0],"1":[0,0],"2":[0,0],"3":[0,0]},"_coverageSchema":"1a1c01bbd47fc00a2c39e90264f33305004495a9","hash":"3e7929a0e26e7c0aa873d4420436f907588af4b4"}
,"/Users/ShaneSutro/Galvanize/mini-apps-2/challenge_3/client/components/Keypad.jsx": {"path":"/Users/ShaneSutro/Galvanize/mini-apps-2/challenge_3/client/components/Keypad.jsx","statementMap":{"0":{"start":{"line":6,"column":15},"end":{"line":31,"column":1}},"1":{"start":{"line":7,"column":2},"end":{"line":30,"column":8}},"2":{"start":{"line":33,"column":0},"end":{"line":37,"column":2}}},"fnMap":{"0":{"name":"(anonymous_0)","decl":{"start":{"line":6,"column":15},"end":{"line":6,"column":16}},"loc":{"start":{"line":7,"column":2},"end":{"line":30,"column":8}},"line":7}},"branchMap":{},"s":{"0":2,"1":3,"2":2},"f":{"0":3},"b":{},"_coverageSchema":"1a1c01bbd47fc00a2c39e90264f33305004495a9","hash":"1093afdb69abfaefa14b15095dd577bbf32e9d7f"}
}
