TN:
SF:client/app.jsx
FN:10,(anonymous_0)
FN:120,(anonymous_1)
FN:125,(anonymous_2)
FN:142,(anonymous_3)
FN:168,(anonymous_4)
FN:183,(anonymous_5)
FN:202,(anonymous_6)
FN:229,(anonymous_7)
FN:241,(anonymous_8)
FNF:9
FNH:2
FNDA:1,(anonymous_0)
FNDA:0,(anonymous_1)
FNDA:0,(anonymous_2)
FNDA:0,(anonymous_3)
FNDA:0,(anonymous_4)
FNDA:0,(anonymous_5)
FNDA:0,(anonymous_6)
FNDA:0,(anonymous_7)
FNDA:1,(anonymous_8)
DA:7,1
DA:11,1
DA:12,1
DA:121,0
DA:122,0
DA:126,0
DA:127,0
DA:128,0
DA:129,0
DA:130,0
DA:131,0
DA:132,0
DA:133,0
DA:134,0
DA:143,0
DA:144,0
DA:145,0
DA:146,0
DA:150,0
DA:151,0
DA:152,0
DA:154,0
DA:155,0
DA:156,0
DA:157,0
DA:159,0
DA:161,0
DA:162,0
DA:163,0
DA:164,0
DA:169,0
DA:174,0
DA:175,0
DA:176,0
DA:177,0
DA:178,0
DA:179,0
DA:180,0
DA:184,0
DA:185,0
DA:186,0
DA:187,0
DA:188,0
DA:189,0
DA:192,0
DA:193,0
DA:194,0
DA:197,0
DA:199,0
DA:208,0
DA:209,0
DA:210,0
DA:211,0
DA:212,0
DA:216,0
DA:217,0
DA:218,0
DA:219,0
DA:220,0
DA:221,0
DA:222,0
DA:223,0
DA:230,0
DA:231,0
DA:232,0
DA:233,0
DA:234,0
DA:235,0
DA:236,0
DA:237,0
DA:238,0
DA:247,1
DA:248,1
LF:73
LH:5
BRDA:130,0,0,0
BRDA:130,0,1,0
BRDA:130,1,0,0
BRDA:130,1,1,0
BRDA:144,2,0,0
BRDA:144,2,1,0
BRDA:144,3,0,0
BRDA:144,3,1,0
BRDA:150,4,0,0
BRDA:150,4,1,0
BRDA:150,5,0,0
BRDA:150,5,1,0
BRDA:154,6,0,0
BRDA:154,6,1,0
BRDA:155,7,0,0
BRDA:155,7,1,0
BRDA:155,8,0,0
BRDA:155,8,1,0
BRDA:155,8,2,0
BRDA:161,9,0,0
BRDA:161,9,1,0
BRDA:163,10,0,0
BRDA:163,10,1,0
BRDA:185,11,0,0
BRDA:185,11,1,0
BRDA:187,12,0,0
BRDA:187,12,1,0
BRDA:187,13,0,0
BRDA:187,13,1,0
BRDA:188,14,0,0
BRDA:188,14,1,0
BRDA:192,15,0,0
BRDA:192,15,1,0
BRDA:192,16,0,0
BRDA:192,16,1,0
BRDA:193,17,0,0
BRDA:193,17,1,0
BRDA:209,18,0,0
BRDA:209,18,1,0
BRDA:211,19,0,0
BRDA:211,19,1,0
BRDA:216,20,0,0
BRDA:216,20,1,0
BRDA:220,21,0,0
BRDA:220,21,1,0
BRDA:232,22,0,0
BRDA:232,22,1,0
BRDA:234,23,0,0
BRDA:234,23,1,0
BRF:49
BRH:0
end_of_record
TN:
SF:client/components/Frames.jsx
FN:5,(anonymous_0)
FN:13,(anonymous_1)
FN:25,(anonymous_2)
FN:36,(anonymous_3)
FNF:4
FNH:0
FNDA:0,(anonymous_0)
FNDA:0,(anonymous_1)
FNDA:0,(anonymous_2)
FNDA:0,(anonymous_3)
DA:5,1
DA:6,0
DA:14,0
DA:15,0
DA:21,0
DA:26,0
DA:27,0
DA:28,0
DA:29,0
DA:31,0
DA:37,0
DA:38,0
DA:40,0
DA:48,1
DA:63,1
LF:15
LH:3
BRDA:14,0,0,0
BRDA:14,0,1,0
BRDA:26,1,0,0
BRDA:26,1,1,0
BRDA:28,2,0,0
BRDA:28,2,1,0
BRDA:37,3,0,0
BRDA:37,3,1,0
BRF:8
BRH:0
end_of_record
TN:
SF:client/components/Keypad.jsx
FN:6,(anonymous_0)
FNF:1
FNH:1
FNDA:3,(anonymous_0)
DA:6,2
DA:7,3
DA:33,2
LF:3
LH:3
BRF:0
BRH:0
end_of_record
