TN:
SF:client/app.jsx
FN:10,(anonymous_0)
FN:120,(anonymous_1)
FN:125,(anonymous_2)
FN:149,(anonymous_3)
FN:175,(anonymous_4)
FN:190,(anonymous_5)
FN:209,(anonymous_6)
FN:236,(anonymous_7)
FN:247,(anonymous_8)
FNF:9
FNH:9
FNDA:10,(anonymous_0)
FNDA:13,(anonymous_1)
FNDA:29,(anonymous_2)
FNDA:29,(anonymous_3)
FNDA:29,(anonymous_4)
FNDA:30,(anonymous_5)
FNDA:29,(anonymous_6)
FNDA:30,(anonymous_7)
FNDA:42,(anonymous_8)
DA:7,1
DA:11,10
DA:12,10
DA:121,13
DA:122,13
DA:126,29
DA:127,29
DA:128,29
DA:129,72
DA:130,72
DA:131,27
DA:132,27
DA:133,21
DA:135,27
DA:136,27
DA:137,324
DA:139,27
DA:140,27
DA:150,29
DA:151,29
DA:152,3
DA:153,3
DA:154,3
DA:155,0
DA:156,0
DA:157,0
DA:161,26
DA:162,18
DA:163,13
DA:164,13
DA:166,5
DA:168,8
DA:169,8
DA:170,0
DA:171,0
DA:176,29
DA:181,29
DA:182,29
DA:183,29
DA:184,29
DA:185,29
DA:186,29
DA:187,29
DA:191,30
DA:192,30
DA:193,11
DA:194,11
DA:195,5
DA:196,0
DA:199,11
DA:200,4
DA:201,0
DA:204,11
DA:206,19
DA:215,29
DA:216,29
DA:217,26
DA:218,26
DA:219,15
DA:223,15
DA:224,13
DA:225,13
DA:226,13
DA:227,2
DA:228,2
DA:229,2
DA:230,2
DA:237,30
DA:238,30
DA:239,30
DA:240,30
DA:241,29
DA:242,29
DA:243,29
DA:244,29
DA:253,42
DA:254,42
LF:77
LH:70
BRDA:130,0,0,27
BRDA:130,0,1,45
BRDA:130,1,0,72
BRDA:130,1,1,27
BRDA:132,2,0,21
BRDA:132,2,1,6
BRDA:151,3,0,3
BRDA:151,3,1,26
BRDA:151,4,0,29
BRDA:151,4,1,11
BRDA:152,5,0,3
BRDA:152,5,1,0
BRDA:155,6,0,0
BRDA:155,6,1,0
BRDA:155,7,0,0
BRDA:155,7,1,0
BRDA:161,8,0,18
BRDA:161,8,1,8
BRDA:162,9,0,13
BRDA:162,9,1,5
BRDA:162,10,0,18
BRDA:162,10,1,3
BRDA:162,10,2,15
BRDA:168,11,0,8
BRDA:168,11,1,0
BRDA:170,12,0,0
BRDA:170,12,1,0
BRDA:192,13,0,11
BRDA:192,13,1,19
BRDA:194,14,0,5
BRDA:194,14,1,6
BRDA:194,15,0,11
BRDA:194,15,1,8
BRDA:195,16,0,0
BRDA:195,16,1,5
BRDA:199,17,0,4
BRDA:199,17,1,7
BRDA:199,18,0,11
BRDA:199,18,1,6
BRDA:200,19,0,0
BRDA:200,19,1,4
BRDA:216,20,0,26
BRDA:216,20,1,3
BRDA:218,21,0,15
BRDA:218,21,1,11
BRDA:223,22,0,13
BRDA:223,22,1,2
BRDA:227,23,0,2
BRDA:227,23,1,0
BRDA:239,24,0,0
BRDA:239,24,1,30
BRDA:240,25,0,1
BRDA:240,25,1,29
BRF:53
BRH:41
end_of_record
TN:
SF:client/components/Frames.jsx
FN:5,(anonymous_0)
FN:13,(anonymous_1)
FN:25,(anonymous_2)
FN:36,(anonymous_3)
FNF:4
FNH:4
FNDA:41,(anonymous_0)
FNDA:492,(anonymous_1)
FNDA:492,(anonymous_2)
FNDA:492,(anonymous_3)
DA:5,1
DA:6,41
DA:14,492
DA:15,410
DA:21,82
DA:26,492
DA:27,369
DA:28,123
DA:29,41
DA:31,82
DA:37,492
DA:38,410
DA:40,82
DA:48,1
DA:63,1
LF:15
LH:15
BRDA:14,0,0,410
BRDA:14,0,1,82
BRDA:26,1,0,369
BRDA:26,1,1,123
BRDA:28,2,0,41
BRDA:28,2,1,82
BRDA:37,3,0,410
BRDA:37,3,1,82
BRF:8
BRH:8
end_of_record
TN:
SF:client/components/Keypad.jsx
FN:6,(anonymous_0)
FNF:1
FNH:1
FNDA:44,(anonymous_0)
DA:6,2
DA:7,44
DA:33,2
LF:3
LH:3
BRF:0
BRH:0
end_of_record
